INFO:root:(datetime.datetime(2017, 7, 28, 13, 40, 54, 228395), 0, 0.001, 65.67381961329454)
INFO:root:(datetime.datetime(2017, 7, 28, 13, 41, 46, 299385), 1, 0.001, 63.873030188943254)
INFO:root:(datetime.datetime(2017, 7, 28, 13, 42, 34, 422809), 2, 0.001, 62.337251779984456)
INFO:root:(datetime.datetime(2017, 7, 28, 13, 43, 23, 316943), 3, 0.001, 60.594478140071949)
INFO:root:(datetime.datetime(2017, 7, 28, 13, 44, 10, 237560), 4, 0.001, 59.003167496246547)
INFO:root:(datetime.datetime(2017, 7, 28, 13, 44, 59, 879827), 5, 0.001, 55.648555833466197)
INFO:root:(datetime.datetime(2017, 7, 28, 13, 45, 47, 71350), 6, 0.001, 51.924342434422499)
INFO:root:(datetime.datetime(2017, 7, 28, 13, 46, 35, 404488), 7, 0.001, 50.646268364523543)
INFO:root:(datetime.datetime(2017, 7, 28, 13, 47, 23, 681878), 8, 0.001, 49.399042194392408)
INFO:root:(datetime.datetime(2017, 7, 28, 13, 48, 10, 124261), 9, 0.001, 48.17935928033323)
INFO:root:(datetime.datetime(2017, 7, 28, 13, 48, 59, 708499), 10, 0.001, 46.995190185754474)
INFO:root:(datetime.datetime(2017, 7, 28, 13, 49, 46, 548012), 11, 0.001, 45.834344721164832)
INFO:root:(datetime.datetime(2017, 7, 28, 13, 50, 33, 689232), 12, 0.001, 44.714401530570726)
INFO:root:(datetime.datetime(2017, 7, 28, 13, 51, 20, 168652), 13, 0.001, 43.598857412532887)
INFO:root:(datetime.datetime(2017, 7, 28, 13, 52, 7, 148301), 14, 0.001, 42.518301568063748)
INFO:root:(datetime.datetime(2017, 7, 28, 13, 52, 54, 403852), 15, 0.001, 41.464364603263178)
INFO:root:(datetime.datetime(2017, 7, 28, 13, 53, 41, 372436), 16, 0.001, 40.435106290440984)
INFO:root:(datetime.datetime(2017, 7, 28, 13, 54, 28, 348268), 17, 0.001, 39.43135958301778)
INFO:root:(datetime.datetime(2017, 7, 28, 13, 55, 16, 355949), 18, 0.001, 38.448789765234707)
INFO:root:(datetime.datetime(2017, 7, 28, 13, 56, 3, 14833), 19, 0.001, 33.270402064939745)
INFO:root:(datetime.datetime(2017, 7, 28, 13, 56, 49, 739421), 20, 0.001, 31.635096647301499)
INFO:root:(datetime.datetime(2017, 7, 28, 13, 57, 36, 855200), 21, 0.001, 30.717414531578012)
INFO:root:(datetime.datetime(2017, 7, 28, 13, 58, 23, 834069), 22, 0.001, 29.857751807387995)
INFO:root:(datetime.datetime(2017, 7, 28, 13, 59, 10, 267410), 23, 0.001, 28.950878480664727)
INFO:root:(datetime.datetime(2017, 7, 28, 13, 59, 57, 905637), 24, 0.001, 28.09824713882135)
INFO:root:(datetime.datetime(2017, 7, 28, 14, 0, 44, 103888), 25, 0.001, 27.295401657519697)
INFO:root:(datetime.datetime(2017, 7, 28, 14, 1, 30, 499846), 26, 0.001, 26.458463084941009)
INFO:root:(datetime.datetime(2017, 7, 28, 14, 2, 17, 396763), 27, 0.001, 25.665222946478394)
INFO:root:(datetime.datetime(2017, 7, 28, 14, 3, 3, 862770), 28, 0.001, 24.891206429929149)
INFO:root:(datetime.datetime(2017, 7, 28, 14, 3, 50, 240266), 29, 0.001, 24.135860949146505)
INFO:root:(datetime.datetime(2017, 7, 28, 14, 4, 36, 928105), 30, 0.001, 23.398742468178678)
INFO:root:(datetime.datetime(2017, 7, 28, 14, 5, 23, 340765), 31, 0.001, 22.679455685777729)
INFO:root:(datetime.datetime(2017, 7, 28, 14, 6, 9, 708474), 32, 0.001, 21.977653451517327)
INFO:root:(datetime.datetime(2017, 7, 28, 14, 6, 56, 383360), 33, 0.001, 21.292986396218645)
INFO:root:(datetime.datetime(2017, 7, 28, 14, 7, 42, 481462), 34, 0.001, 20.625129595905744)
INFO:root:(datetime.datetime(2017, 7, 28, 14, 8, 28, 577227), 35, 0.001, 19.973754688185089)
INFO:root:(datetime.datetime(2017, 7, 28, 14, 9, 14, 506446), 36, 0.001, 19.338565112782174)
INFO:root:(datetime.datetime(2017, 7, 28, 14, 10, 0, 570948), 37, 0.001, 18.719221608168414)
INFO:root:(datetime.datetime(2017, 7, 28, 14, 10, 46, 777433), 38, 0.001, 18.115452318775411)
INFO:root:(datetime.datetime(2017, 7, 28, 14, 11, 32, 624049), 39, 0.001, 17.52695557211532)
INFO:root:(datetime.datetime(2017, 7, 28, 14, 12, 18, 600226), 40, 0.001, 16.953439855251183)
INFO:root:(datetime.datetime(2017, 7, 28, 14, 13, 4, 676626), 41, 0.001, 16.394623243889843)
INFO:root:(datetime.datetime(2017, 7, 28, 14, 13, 50, 730789), 42, 0.001, 15.850228621035207)
INFO:root:(datetime.datetime(2017, 7, 28, 14, 14, 36, 859439), 43, 0.001, 15.319969923317839)
INFO:root:(datetime.datetime(2017, 7, 28, 14, 15, 23, 311449), 44, 0.001, 14.803591163790955)
INFO:root:(datetime.datetime(2017, 7, 28, 14, 16, 9, 217027), 45, 0.001, 14.300805630327082)
INFO:root:(datetime.datetime(2017, 7, 28, 14, 16, 55, 468375), 46, 0.001, 13.811361786459578)
INFO:root:(datetime.datetime(2017, 7, 28, 14, 17, 40, 680578), 47, 0.001, 13.33500523469886)
INFO:root:(datetime.datetime(2017, 7, 28, 14, 18, 26, 292943), 48, 0.001, 12.871461349279702)
INFO:root:(datetime.datetime(2017, 7, 28, 14, 19, 11, 850771), 49, 0.001, 12.420482667935948)
INFO:root:(datetime.datetime(2017, 7, 28, 14, 19, 57, 413746), 50, 0.001, 11.981820430885367)
INFO:root:(datetime.datetime(2017, 7, 28, 14, 20, 42, 948808), 51, 0.001, 11.55523022502458)
INFO:root:(datetime.datetime(2017, 7, 28, 14, 21, 28, 268832), 52, 0.001, 11.140454493412355)
INFO:root:(datetime.datetime(2017, 7, 28, 14, 22, 13, 512690), 53, 0.001, 10.73726781858068)
INFO:root:(datetime.datetime(2017, 7, 28, 14, 22, 58, 667637), 54, 0.001, 10.345426306432607)
INFO:root:(datetime.datetime(2017, 7, 28, 14, 23, 43, 826381), 55, 0.001, 9.9646823649503755)
INFO:root:(datetime.datetime(2017, 7, 28, 14, 24, 29, 22437), 56, 0.001, 9.5948231495967526)
INFO:root:(datetime.datetime(2017, 7, 28, 14, 25, 13, 849979), 57, 0.001, 9.2356076921735486)
INFO:root:(datetime.datetime(2017, 7, 28, 14, 25, 58, 641497), 58, 0.001, 8.8868200470801106)
INFO:root:(datetime.datetime(2017, 7, 28, 14, 26, 43, 707827), 59, 0.001, 8.5482336096212173)
INFO:root:(datetime.datetime(2017, 7, 28, 14, 27, 28, 747115), 60, 0.001, 8.2196266342993489)
INFO:root:(datetime.datetime(2017, 7, 28, 14, 28, 13, 460939), 61, 0.001, 7.9007995858484383)
INFO:root:(datetime.datetime(2017, 7, 28, 14, 28, 58, 626615), 62, 0.001, 7.5915282632217922)
INFO:root:(datetime.datetime(2017, 7, 28, 14, 29, 43, 455037), 63, 0.001, 7.2916066987173895)
INFO:root:(datetime.datetime(2017, 7, 28, 14, 30, 28, 260910), 64, 0.001, 7.0008423539246021)
INFO:root:(datetime.datetime(2017, 7, 28, 14, 31, 13, 147330), 65, 0.001, 6.7190171163909289)
INFO:root:(datetime.datetime(2017, 7, 28, 14, 31, 58, 57619), 66, 0.001, 6.4459579591037466)
INFO:root:(datetime.datetime(2017, 7, 28, 14, 32, 42, 987632), 67, 0.001, 6.1814517066592263)
INFO:root:(datetime.datetime(2017, 7, 28, 14, 33, 27, 780612), 68, 0.001, 5.925314202600596)
INFO:root:(datetime.datetime(2017, 7, 28, 14, 34, 12, 677390), 69, 0.001, 5.6773625782557895)
INFO:root:(datetime.datetime(2017, 7, 28, 14, 34, 57, 594763), 70, 0.001, 5.4374087294753721)
INFO:root:(datetime.datetime(2017, 7, 28, 14, 35, 41, 678465), 71, 0.001, 5.2052804823635386)
INFO:root:(datetime.datetime(2017, 7, 28, 14, 36, 26, 98169), 72, 0.001, 4.9807897425022256)
INFO:root:(datetime.datetime(2017, 7, 28, 14, 37, 11, 427591), 73, 0.001, 4.7637694384776008)
INFO:root:(datetime.datetime(2017, 7, 28, 14, 37, 56, 89350), 74, 0.001, 4.5540431535162895)
INFO:root:(datetime.datetime(2017, 7, 28, 14, 38, 40, 901606), 75, 0.001, 4.3514480590820312)
INFO:root:(datetime.datetime(2017, 7, 28, 14, 39, 26, 220109), 76, 0.001, 4.1558100771741806)
INFO:root:(datetime.datetime(2017, 7, 28, 14, 40, 10, 648007), 77, 0.001, 3.9669662559924483)
INFO:root:(datetime.datetime(2017, 7, 28, 14, 40, 55, 38194), 78, 0.001, 3.7847598036941217)
INFO:root:(datetime.datetime(2017, 7, 28, 14, 41, 40, 417104), 79, 0.001, 3.6090264158184024)
INFO:root:(datetime.datetime(2017, 7, 28, 14, 42, 25, 122087), 80, 0.001, 3.4396068952521501)
INFO:root:(datetime.datetime(2017, 7, 28, 14, 43, 9, 870837), 81, 0.001, 3.2763462245058852)
INFO:root:(datetime.datetime(2017, 7, 28, 14, 43, 54, 996483), 82, 0.001, 3.1190867780828153)
INFO:root:(datetime.datetime(2017, 7, 28, 14, 44, 41, 41381), 83, 0.001, 2.9676827395043404)
INFO:root:(datetime.datetime(2017, 7, 28, 14, 45, 26, 504515), 84, 0.001, 2.8219754631016531)
INFO:root:(datetime.datetime(2017, 7, 28, 14, 46, 11, 854736), 85, 0.001, 2.6818181349306691)
INFO:root:(datetime.datetime(2017, 7, 28, 14, 46, 58, 126525), 86, 0.001, 2.5470612616766068)
INFO:root:(datetime.datetime(2017, 7, 28, 14, 47, 44, 544196), 87, 0.001, 2.417561169384288)
INFO:root:(datetime.datetime(2017, 7, 28, 14, 48, 31, 27896), 88, 0.001, 2.2931719361519325)
INFO:root:(datetime.datetime(2017, 7, 28, 14, 49, 17, 577490), 89, 0.001, 2.1737571881741893)
INFO:root:(datetime.datetime(2017, 7, 28, 14, 50, 3, 875013), 90, 0.001, 2.0591624610278072)
INFO:root:(datetime.datetime(2017, 7, 28, 14, 50, 50, 391807), 91, 0.001, 1.9492683556615089)
INFO:root:(datetime.datetime(2017, 7, 28, 14, 51, 37, 896292), 92, 0.001, 1.8439210061313345)
INFO:root:(datetime.datetime(2017, 7, 28, 14, 52, 24, 843707), 93, 0.001, 1.7429763289535938)
INFO:root:(datetime.datetime(2017, 7, 28, 14, 53, 9, 826389), 94, 0.001, 1.6463093043995551)
INFO:root:(datetime.datetime(2017, 7, 28, 14, 53, 56, 395818), 95, 0.001, 1.5538037739643433)
INFO:root:(datetime.datetime(2017, 7, 28, 14, 54, 42, 980728), 96, 0.001, 1.4653132724113205)
INFO:root:(datetime.datetime(2017, 7, 28, 14, 55, 29, 257154), 97, 0.001, 1.3807160667821663)
INFO:root:(datetime.datetime(2017, 7, 28, 14, 56, 15, 13344), 98, 0.001, 1.2998894817975102)
INFO:root:(datetime.datetime(2017, 7, 28, 14, 57, 1, 460527), 99, 0.001, 1.2227011862255277)
INFO:root:(datetime.datetime(2017, 7, 28, 14, 57, 47, 324562), 100, 0.001, 1.1490408814683253)
INFO:root:(datetime.datetime(2017, 7, 28, 14, 58, 33, 120786), 101, 0.001, 1.0787865701986818)
INFO:root:(datetime.datetime(2017, 7, 28, 14, 59, 19, 326510), 102, 0.001, 1.0118189668979773)
INFO:root:(datetime.datetime(2017, 7, 28, 15, 0, 5, 745164), 103, 0.001, 0.94803710900196414)
INFO:root:(datetime.datetime(2017, 7, 28, 15, 0, 51, 670056), 104, 0.001, 0.88732866162345525)
INFO:root:(datetime.datetime(2017, 7, 28, 15, 1, 37, 511630), 105, 0.001, 0.82957967487322226)
INFO:root:(datetime.datetime(2017, 7, 28, 15, 2, 23, 762832), 106, 0.001, 0.77469900270708569)
INFO:root:(datetime.datetime(2017, 7, 28, 15, 3, 9, 881147), 107, 0.001, 0.72257501495127774)
INFO:root:(datetime.datetime(2017, 7, 28, 15, 3, 54, 584668), 108, 0.001, 0.67311685425894596)
INFO:root:(datetime.datetime(2017, 7, 28, 15, 4, 38, 473803), 109, 0.001, 0.62623671163507055)
INFO:root:(datetime.datetime(2017, 7, 28, 15, 5, 22, 302109), 110, 0.001, 0.5818258584762106)
INFO:root:(datetime.datetime(2017, 7, 28, 15, 6, 6, 5008), 111, 0.001, 0.53980705243389626)
INFO:root:(datetime.datetime(2017, 7, 28, 15, 6, 49, 846582), 112, 0.001, 0.50010002591982994)
INFO:root:(datetime.datetime(2017, 7, 28, 15, 7, 33, 533695), 113, 0.001, 0.46259947962501424)
INFO:root:(datetime.datetime(2017, 7, 28, 15, 8, 16, 894976), 114, 0.001, 0.42724239887023457)
INFO:root:(datetime.datetime(2017, 7, 28, 15, 9, 0, 777688), 115, 0.001, 0.3939402778537906)
INFO:root:(datetime.datetime(2017, 7, 28, 15, 9, 45, 233224), 116, 0.001, 0.36261198370635106)
INFO:root:(datetime.datetime(2017, 7, 28, 15, 10, 28, 727974), 117, 0.001, 0.3331841921725241)
INFO:root:(datetime.datetime(2017, 7, 28, 15, 11, 12, 500094), 118, 0.001, 0.30558194351845047)
INFO:root:(datetime.datetime(2017, 7, 28, 15, 11, 56, 407786), 119, 0.001, 0.27972522154957258)
INFO:root:(datetime.datetime(2017, 7, 28, 15, 12, 39, 997491), 120, 0.001, 0.25554545071660256)
INFO:root:(datetime.datetime(2017, 7, 28, 15, 13, 23, 397743), 121, 0.001, 0.23296833210656431)
INFO:root:(datetime.datetime(2017, 7, 28, 15, 14, 9, 794127), 122, 0.001, 0.21193145651395628)
INFO:root:(datetime.datetime(2017, 7, 28, 15, 14, 56, 81811), 123, 0.001, 0.19235823825508558)
INFO:root:(datetime.datetime(2017, 7, 28, 15, 15, 42, 307918), 124, 0.001, 0.17418123487712575)
INFO:root:(datetime.datetime(2017, 7, 28, 15, 16, 28, 360882), 125, 0.001, 0.15733341142839316)
INFO:root:(datetime.datetime(2017, 7, 28, 15, 17, 14, 590558), 126, 0.001, 0.14175136164337598)
INFO:root:(datetime.datetime(2017, 7, 28, 15, 18, 1, 54364), 127, 0.001, 0.12737288670677718)
INFO:root:(datetime.datetime(2017, 7, 28, 15, 18, 47, 389234), 128, 0.001, 0.11413681486836907)
INFO:root:(datetime.datetime(2017, 7, 28, 15, 19, 34, 103083), 129, 0.001, 0.10197428821706447)
INFO:root:(datetime.datetime(2017, 7, 28, 15, 20, 20, 215762), 130, 0.001, 0.090832261254592817)
INFO:root:(datetime.datetime(2017, 7, 28, 15, 21, 6, 644270), 131, 0.001, 0.080652747987484452)
INFO:root:(datetime.datetime(2017, 7, 28, 15, 21, 52, 442589), 132, 0.001, 0.071368965516690488)
INFO:root:(datetime.datetime(2017, 7, 28, 15, 22, 38, 75174), 133, 0.001, 0.062947539245190268)
INFO:root:(datetime.datetime(2017, 7, 28, 15, 23, 24, 888317), 134, 0.001, 0.055313581790851087)
INFO:root:(datetime.datetime(2017, 7, 28, 15, 24, 11, 517598), 135, 0.001, 0.048419331510861717)
INFO:root:(datetime.datetime(2017, 7, 28, 15, 24, 59, 42557), 136, 0.001, 0.042223956740024139)
INFO:root:(datetime.datetime(2017, 7, 28, 15, 25, 45, 798048), 137, 0.001, 0.036664410082458639)
INFO:root:(datetime.datetime(2017, 7, 28, 15, 26, 33, 346049), 138, 0.001, 0.031712294638562365)
INFO:root:(datetime.datetime(2017, 7, 28, 15, 27, 20, 417062), 139, 0.001, 0.027302052052754933)
INFO:root:(datetime.datetime(2017, 7, 28, 15, 28, 7, 547768), 140, 0.001, 0.023408259689605155)
INFO:root:(datetime.datetime(2017, 7, 28, 15, 28, 54, 463889), 141, 0.001, 0.019973489728306426)
INFO:root:(datetime.datetime(2017, 7, 28, 15, 29, 41, 854529), 142, 0.001, 0.016970878118509742)
INFO:root:(datetime.datetime(2017, 7, 28, 15, 30, 28, 796954), 143, 0.001, 0.014356364413690405)
INFO:root:(datetime.datetime(2017, 7, 28, 15, 31, 15, 483550), 144, 0.001, 0.01209167526642076)
INFO:root:(datetime.datetime(2017, 7, 28, 15, 32, 2, 491754), 145, 0.001, 0.010137287893516271)
INFO:root:(datetime.datetime(2017, 7, 28, 15, 32, 49, 386706), 146, 0.001, 0.0084732674176291548)
INFO:root:(datetime.datetime(2017, 7, 28, 15, 33, 37, 194891), 147, 0.001, 0.0070590631225380769)
INFO:root:(datetime.datetime(2017, 7, 28, 15, 34, 25, 703138), 148, 0.001, 0.0058672792962467185)
INFO:root:(datetime.datetime(2017, 7, 28, 15, 35, 13, 772561), 149, 0.001, 0.0048764665376673753)
INFO:root:(datetime.datetime(2017, 7, 28, 15, 36, 1, 576536), 150, 0.001, 0.0040541486149387696)
INFO:root:(datetime.datetime(2017, 7, 28, 15, 36, 48, 636855), 151, 0.001, 0.0033777858143304888)
INFO:root:(datetime.datetime(2017, 7, 28, 15, 37, 34, 321985), 152, 0.001, 0.0028375823582921711)
INFO:root:(datetime.datetime(2017, 7, 28, 15, 38, 20, 5857), 153, 0.001, 0.0024020050044114491)
INFO:root:(datetime.datetime(2017, 7, 28, 15, 39, 6, 738236), 154, 0.001, 0.0020553262541577423)
INFO:root:(datetime.datetime(2017, 7, 28, 15, 39, 53, 455255), 155, 0.001, 0.0017855369595202561)
INFO:root:(datetime.datetime(2017, 7, 28, 15, 40, 39, 741389), 156, 0.001, 0.0015836358434666378)
INFO:root:(datetime.datetime(2017, 7, 28, 15, 41, 26, 318290), 157, 0.001, 0.0014213320076921765)
INFO:root:(datetime.datetime(2017, 7, 28, 15, 42, 12, 786850), 158, 0.001, 0.001305404297380271)
INFO:root:(datetime.datetime(2017, 7, 28, 15, 42, 59, 134795), 159, 0.001, 0.0012231817101540209)
INFO:root:(datetime.datetime(2017, 7, 28, 15, 43, 43, 671235), 160, 0.001, 0.0011690244867409371)
INFO:root:(datetime.datetime(2017, 7, 28, 15, 44, 27, 48824), 161, 0.001, 0.0011235156083055043)
INFO:root:(datetime.datetime(2017, 7, 28, 15, 45, 10, 481929), 162, 0.001, 0.0010952400914741819)
INFO:root:(datetime.datetime(2017, 7, 28, 15, 45, 54, 259383), 163, 0.001, 0.0010761190142457176)
INFO:root:(datetime.datetime(2017, 7, 28, 15, 46, 37, 635324), 164, 0.001, 0.001069582357676383)
INFO:root:(datetime.datetime(2017, 7, 28, 15, 47, 21, 534651), 165, 0.001, 0.0010612884292467719)
INFO:root:(datetime.datetime(2017, 7, 28, 15, 48, 5, 592531), 166, 0.001, 0.0010544602279266228)
INFO:root:(datetime.datetime(2017, 7, 28, 15, 48, 49, 425858), 167, 0.001, 0.0010526158089027265)
INFO:root:(datetime.datetime(2017, 7, 28, 15, 49, 34, 123263), 168, 0.001, 0.0010529004847535826)
INFO:root:(datetime.datetime(2017, 7, 28, 15, 50, 18, 379661), 169, 0.001, 0.0010522352286050616)
INFO:root:(datetime.datetime(2017, 7, 28, 15, 51, 2, 941724), 170, 0.001, 0.0010544830081084756)
INFO:root:(datetime.datetime(2017, 7, 28, 15, 51, 47, 74941), 171, 0.001, 0.0010534881853314789)
INFO:root:(datetime.datetime(2017, 7, 28, 15, 52, 31, 282577), 172, 0.001, 0.0010530128247472046)
INFO:root:(datetime.datetime(2017, 7, 28, 15, 53, 15, 122949), 173, 0.001, 0.0010524690622419474)
INFO:root:(datetime.datetime(2017, 7, 28, 15, 53, 58, 888478), 174, 0.001, 0.0010518135889401646)
INFO:root:(datetime.datetime(2017, 7, 28, 15, 54, 43, 180979), 175, 0.001, 0.0010538560193393152)
INFO:root:(datetime.datetime(2017, 7, 28, 15, 55, 27, 303562), 176, 0.001, 0.0010505231445002668)
INFO:root:(datetime.datetime(2017, 7, 28, 15, 56, 11, 155471), 177, 0.001, 0.001050626151073648)
INFO:root:(datetime.datetime(2017, 7, 28, 15, 56, 55, 335102), 178, 0.001, 0.0010511733549583679)
INFO:root:(datetime.datetime(2017, 7, 28, 15, 57, 39, 446548), 179, 0.001, 0.0010526312862009723)
INFO:root:(datetime.datetime(2017, 7, 28, 15, 58, 23, 474383), 180, 0.001, 0.0010556162019786076)
INFO:root:(datetime.datetime(2017, 7, 28, 15, 59, 7, 209576), 181, 0.001, 0.0010500073066253696)
INFO:root:(datetime.datetime(2017, 7, 28, 15, 59, 50, 999399), 182, 0.001, 0.0010511409815996378)
INFO:root:(datetime.datetime(2017, 7, 28, 16, 0, 35, 215876), 183, 0.001, 0.0010511152122366135)
INFO:root:(datetime.datetime(2017, 7, 28, 16, 1, 20, 403559), 184, 0.001, 0.0010546565489038876)
INFO:root:(datetime.datetime(2017, 7, 28, 16, 2, 4, 544026), 185, 0.001, 0.0010574864240230194)
INFO:root:(datetime.datetime(2017, 7, 28, 16, 2, 48, 382403), 186, 0.001, 0.0010430729056258691)
INFO:root:(datetime.datetime(2017, 7, 28, 16, 3, 32, 820243), 187, 0.001, 0.0010531695383809963)
INFO:root:(datetime.datetime(2017, 7, 28, 16, 4, 18, 2032), 188, 0.001, 0.0010522649335187105)
INFO:root:(datetime.datetime(2017, 7, 28, 16, 5, 2, 227316), 189, 0.001, 0.0010529315371547831)
INFO:root:(datetime.datetime(2017, 7, 28, 16, 5, 46, 545789), 190, 0.001, 0.0010529803927848433)
INFO:root:(datetime.datetime(2017, 7, 28, 16, 6, 30, 679949), 191, 0.001, 0.0010520683741672154)
INFO:root:(datetime.datetime(2017, 7, 28, 16, 7, 14, 751454), 192, 0.001, 0.0010507974843336205)
INFO:root:(datetime.datetime(2017, 7, 28, 16, 7, 58, 684135), 193, 0.001, 0.0010530764092912986)
INFO:root:(datetime.datetime(2017, 7, 28, 16, 8, 42, 877823), 194, 0.001, 0.0010515958507114477)
INFO:root:(datetime.datetime(2017, 7, 28, 16, 9, 27, 438633), 195, 0.001, 0.0010502525865809904)
INFO:root:(datetime.datetime(2017, 7, 28, 16, 10, 12, 273359), 196, 0.001, 0.0010525909003795309)
INFO:root:(datetime.datetime(2017, 7, 28, 16, 10, 57, 270133), 197, 0.001, 0.0010477325290625243)
INFO:root:(datetime.datetime(2017, 7, 28, 16, 11, 42, 111186), 198, 0.001, 0.0010535811964219727)
INFO:root:(datetime.datetime(2017, 7, 28, 16, 12, 26, 847602), 199, 0.001, 0.0010492496028523513)
INFO:root:(datetime.datetime(2017, 7, 28, 16, 13, 11, 572539), 200, 0.001, 0.0010540314627728951)
INFO:root:(datetime.datetime(2017, 7, 28, 16, 13, 58, 67101), 201, 0.001, 0.0010518758529227)
INFO:root:(datetime.datetime(2017, 7, 28, 16, 14, 44, 274062), 202, 0.001, 0.001051292700857735)
INFO:root:(datetime.datetime(2017, 7, 28, 16, 15, 31, 402893), 203, 0.001, 0.0010513509306929955)
INFO:root:(datetime.datetime(2017, 7, 28, 16, 16, 18, 121393), 204, 0.001, 0.0010527469610579971)
INFO:root:(datetime.datetime(2017, 7, 28, 16, 17, 4, 618074), 205, 0.001, 0.0010524258729494905)
INFO:root:(datetime.datetime(2017, 7, 28, 16, 17, 51, 124823), 206, 0.001, 0.0010534357901212765)
INFO:root:(datetime.datetime(2017, 7, 28, 16, 18, 37, 685852), 207, 0.001, 0.0010491150279282307)
INFO:root:(datetime.datetime(2017, 7, 28, 16, 19, 24, 544991), 208, 0.001, 0.0010504748364973838)
INFO:root:(datetime.datetime(2017, 7, 28, 16, 20, 11, 284984), 209, 0.001, 0.0010530654690228403)
INFO:root:(datetime.datetime(2017, 7, 28, 16, 20, 58, 717548), 210, 0.001, 0.0010527461275401317)
INFO:root:(datetime.datetime(2017, 7, 28, 16, 21, 45, 578857), 211, 0.001, 0.0010517989851528031)
INFO:root:(datetime.datetime(2017, 7, 28, 16, 22, 32, 825512), 212, 0.001, 0.0010520154047998138)
INFO:root:(datetime.datetime(2017, 7, 28, 16, 23, 19, 770269), 213, 0.001, 0.0010478874461782373)
INFO:root:(datetime.datetime(2017, 7, 28, 16, 24, 6, 486520), 214, 0.001, 0.0010515357819892669)
INFO:root:(datetime.datetime(2017, 7, 28, 16, 24, 53, 487350), 215, 0.001, 0.0010523811944120494)
INFO:root:(datetime.datetime(2017, 7, 28, 16, 25, 41, 7235), 216, 0.001, 0.0010571703892898092)
INFO:root:(datetime.datetime(2017, 7, 28, 16, 26, 28, 59804), 217, 0.001, 0.0010517899154489036)
